# JRE version: OpenJDK Runtime Environment (11.0.12+7) (build 11.0.12+7-b1504.28-7817840)
# Java VM: OpenJDK 64-Bit Server VM (11.0.12+7-b1504.28-7817840, mixed mode, tiered, compressed oops, g1 gc, windows-amd64)
Heap:
 garbage-first heap   total 273408K, used 142794K [0x0000000080000000, 0x0000000100000000)
  region size 1024K, 2 young (2048K), 2 survivors (2048K)
 Metaspace       used 124244K, capacity 126795K, committed 127104K, reserved 1161216K
  class space    used 15216K, capacity 16170K, committed 16256K, reserved 1048576K
GC Heap History (20 events):
Event: 3541.389 GC heap after
{Heap after GC invocations=57 (full 0):
 garbage-first heap   total 189440K, used 150088K [0x0000000080000000, 0x0000000100000000)
  region size 1024K, 2 young (2048K), 2 survivors (2048K)
 Metaspace       used 119620K, capacity 122080K, committed 122496K, reserved 1155072K
  class space    used 14873K, capacity 15813K, committed 16000K, reserved 1048576K
}
Event: 3541.723 GC heap before
{Heap before GC invocations=57 (full 0):
 garbage-first heap   total 189440K, used 157256K [0x0000000080000000, 0x0000000100000000)
  region size 1024K, 9 young (9216K), 2 survivors (2048K)
 Metaspace       used 119870K, capacity 122360K, committed 122496K, reserved 1155072K
  class space    used 14897K, capacity 15865K, committed 16000K, reserved 1048576K
}
Event: 3541.736 GC heap after
{Heap after GC invocations=58 (full 0):
 garbage-first heap   total 189440K, used 148541K [0x0000000080000000, 0x0000000100000000)
  region size 1024K, 1 young (1024K), 1 survivors (1024K)
 Metaspace       used 119870K, capacity 122360K, committed 122496K, reserved 1155072K
  class space    used 14897K, capacity 15865K, committed 16000K, reserved 1048576K
}
Event: 3542.017 GC heap before
{Heap before GC invocations=58 (full 0):
 garbage-first heap   total 189440K, used 150589K [0x0000000080000000, 0x0000000100000000)
  region size 1024K, 5 young (5120K), 1 survivors (1024K)
 Metaspace       used 120089K, capacity 122552K, committed 122752K, reserved 1157120K
  class space    used 14915K, capacity 15865K, committed 16000K, reserved 1048576K
}
Event: 3542.024 GC heap after
{Heap after GC invocations=59 (full 0):
 garbage-first heap   total 189440K, used 149824K [0x0000000080000000, 0x0000000100000000)
  region size 1024K, 2 young (2048K), 2 survivors (2048K)
 Metaspace       used 120089K, capacity 122552K, committed 122752K, reserved 1157120K
  class space    used 14915K, capacity 15865K, committed 16000K, reserved 1048576K
}
Event: 3543.297 GC heap before
{Heap before GC invocations=60 (full 0):
 garbage-first heap   total 189440K, used 169280K [0x0000000080000000, 0x0000000100000000)
  region size 1024K, 13 young (13312K), 2 survivors (2048K)
 Metaspace       used 120141K, capacity 122616K, committed 122752K, reserved 1157120K
  class space    used 14917K, capacity 15865K, committed 16000K, reserved 1048576K
}
Event: 3543.312 GC heap after
{Heap after GC invocations=61 (full 0):
 garbage-first heap   total 189440K, used 151065K [0x0000000080000000, 0x0000000100000000)
  region size 1024K, 2 young (2048K), 2 survivors (2048K)
 Metaspace       used 120141K, capacity 122616K, committed 122752K, reserved 1157120K
  class space    used 14917K, capacity 15865K, committed 16000K, reserved 1048576K
}
Event: 3543.846 GC heap before
{Heap before GC invocations=61 (full 0):
 garbage-first heap   total 189440K, used 158233K [0x0000000080000000, 0x0000000100000000)
  region size 1024K, 9 young (9216K), 2 survivors (2048K)
 Metaspace       used 120168K, capacity 122616K, committed 122752K, reserved 1157120K
  class space    used 14917K, capacity 15865K, committed 16000K, reserved 1048576K
}
Event: 3543.858 GC heap after
{Heap after GC invocations=62 (full 0):
 garbage-first heap   total 189440K, used 151339K [0x0000000080000000, 0x0000000100000000)
  region size 1024K, 2 young (2048K), 2 survivors (2048K)
 Metaspace       used 120168K, capacity 122616K, committed 122752K, reserved 1157120K
  class space    used 14917K, capacity 15865K, committed 16000K, reserved 1048576K
}
Event: 3545.034 GC heap before
{Heap before GC invocations=62 (full 0):
 garbage-first heap   total 189440K, used 161579K [0x0000000080000000, 0x0000000100000000)
  region size 1024K, 12 young (12288K), 2 survivors (2048K)
 Metaspace       used 120215K, capacity 122749K, committed 123008K, reserved 1157120K
  class space    used 14920K, capacity 15866K, committed 16000K, reserved 1048576K
}
Event: 3545.054 GC heap after
{Heap after GC invocations=63 (full 0):
 garbage-first heap   total 227328K, used 151810K [0x0000000080000000, 0x0000000100000000)
  region size 1024K, 1 young (1024K), 1 survivors (1024K)
 Metaspace       used 120215K, capacity 122749K, committed 123008K, reserved 1157120K
  class space    used 14920K, capacity 15866K, committed 16000K, reserved 1048576K
}
Event: 3546.308 GC heap before
{Heap before GC invocations=64 (full 0):
 garbage-first heap   total 227328K, used 157954K [0x0000000080000000, 0x0000000100000000)
  region size 1024K, 8 young (8192K), 1 survivors (1024K)
 Metaspace       used 120240K, capacity 122755K, committed 123008K, reserved 1157120K
  class space    used 14922K, capacity 15868K, committed 16000K, reserved 1048576K
}
Event: 3546.321 GC heap after
{Heap after GC invocations=65 (full 0):
 garbage-first heap   total 227328K, used 156672K [0x0000000080000000, 0x0000000100000000)
  region size 1024K, 4 young (4096K), 4 survivors (4096K)
 Metaspace       used 120240K, capacity 122755K, committed 123008K, reserved 1157120K
  class space    used 14922K, capacity 15868K, committed 16000K, reserved 1048576K
}
Event: 3547.252 GC heap before
{Heap before GC invocations=66 (full 0):
 garbage-first heap   total 227328K, used 197632K [0x0000000080000000, 0x0000000100000000)
  region size 1024K, 29 young (29696K), 4 survivors (4096K)
 Metaspace       used 120593K, capacity 123117K, committed 123264K, reserved 1157120K
  class space    used 14945K, capacity 15913K, committed 16000K, reserved 1048576K
}
Event: 3547.285 GC heap after
{Heap after GC invocations=67 (full 0):
 garbage-first heap   total 227328K, used 160931K [0x0000000080000000, 0x0000000100000000)
  region size 1024K, 4 young (4096K), 4 survivors (4096K)
 Metaspace       used 120593K, capacity 123117K, committed 123264K, reserved 1157120K
  class space    used 14945K, capacity 15913K, committed 16000K, reserved 1048576K
}
Event: 3549.560 GC heap before
{Heap before GC invocations=67 (full 0):
 garbage-first heap   total 227328K, used 183459K [0x0000000080000000, 0x0000000100000000)
  region size 1024K, 27 young (27648K), 4 survivors (4096K)
 Metaspace       used 123681K, capacity 126251K, committed 126592K, reserved 1159168K
  class space    used 15183K, capacity 16138K, committed 16256K, reserved 1048576K
}
Event: 3549.574 GC heap after
{Heap after GC invocations=68 (full 0):
 garbage-first heap   total 227328K, used 164519K [0x0000000080000000, 0x0000000100000000)
  region size 1024K, 4 young (4096K), 4 survivors (4096K)
 Metaspace       used 123681K, capacity 126251K, committed 126592K, reserved 1159168K
  class space    used 15183K, capacity 16138K, committed 16256K, reserved 1048576K
}
Event: 3550.541 GC heap before
{Heap before GC invocations=69 (full 0):
 garbage-first heap   total 227328K, used 175783K [0x0000000080000000, 0x0000000100000000)
  region size 1024K, 26 young (26624K), 4 survivors (4096K)
 Metaspace       used 124146K, capacity 126731K, committed 127104K, reserved 1161216K
  class space    used 15208K, capacity 16170K, committed 16256K, reserved 1048576K
}
Event: 3550.563 GC heap after
{Heap after GC invocations=70 (full 0):
 garbage-first heap   total 227328K, used 157696K [0x0000000080000000, 0x0000000100000000)
  region size 1024K, 4 young (4096K), 4 survivors (4096K)
 Metaspace       used 124146K, capacity 126731K, committed 127104K, reserved 1161216K
  class space    used 15208K, capacity 16170K, committed 16256K, reserved 1048576K
}
Event: 3550.657 GC heap before
{Heap before GC invocations=70 (full 0):
 garbage-first heap   total 227328K, used 164864K [0x0000000080000000, 0x0000000100000000)
  region size 1024K, 11 young (11264K), 4 survivors (4096K)
 Metaspace       used 124244K, capacity 126795K, committed 127104K, reserved 1161216K
  class space    used 15216K, capacity 16170K, committed 16256K, reserved 1048576K
}

